<?xml version="1.0" encoding="UTF-8"?>
<testsuite xmlns:xsi="http://www.w3.org/2001/XMLSchema-instance" xsi:noNamespaceSchemaLocation="https://maven.apache.org/surefire/maven-surefire-plugin/xsd/surefire-test-report.xsd" name="com.speedment.jpastreamer.fieldgenerator.internal.typeparser.TypeParserTest" time="0.079" tests="7" errors="0" skipped="0" failures="0">
  <properties>
    <property name="gopherProxySet" value="false"/>
    <property name="awt.toolkit" value="sun.lwawt.macosx.LWCToolkit"/>
    <property name="java.specification.version" value="11"/>
    <property name="sun.cpu.isalist" value=""/>
    <property name="sun.jnu.encoding" value="UTF-8"/>
    <property name="java.class.path" value="/Users/juliagustafsson/Documents/Speedment/Klonade GIT-repon/jpa-streamer/fieldgenerator/fieldgenerator-standard/target/test-classes:/Users/juliagustafsson/Documents/Speedment/Klonade GIT-repon/jpa-streamer/fieldgenerator/fieldgenerator-standard/target/classes:/Users/juliagustafsson/.m2/repository/javax/persistence/javax.persistence-api/2.2/javax.persistence-api-2.2.jar:/Users/juliagustafsson/.m2/repository/com/speedment/common/codegen/3.2.9/codegen-3.2.9.jar:/Users/juliagustafsson/Documents/Speedment/Klonade GIT-repon/jpa-streamer/field/target/field-0.1.0.jar:/Users/juliagustafsson/.m2/repository/com/speedment/common/invariant/3.2.9/invariant-3.2.9.jar:/Users/juliagustafsson/.m2/repository/com/speedment/common/function/3.2.9/function-3.2.9.jar:/Users/juliagustafsson/.m2/repository/com/speedment/runtime/runtime-compute/3.2.9/runtime-compute-3.2.9.jar:/Users/juliagustafsson/.m2/repository/com/speedment/jpastreamer/typeparser-standard/0.1.0/typeparser-standard-0.1.0.jar:/Users/juliagustafsson/.m2/repository/com/google/auto/service/auto-service-annotations/1.0-rc7/auto-service-annotations-1.0-rc7.jar:/Users/juliagustafsson/.m2/repository/com/google/testing/compile/compile-testing/0.18/compile-testing-0.18.jar:/Users/juliagustafsson/.m2/repository/junit/junit/4.12/junit-4.12.jar:/Users/juliagustafsson/.m2/repository/org/hamcrest/hamcrest-core/2.1/hamcrest-core-2.1.jar:/Users/juliagustafsson/.m2/repository/org/hamcrest/hamcrest/2.1/hamcrest-2.1.jar:/Users/juliagustafsson/.m2/repository/com/google/truth/truth/0.44/truth-0.44.jar:/Users/juliagustafsson/.m2/repository/org/checkerframework/checker-compat-qual/2.5.5/checker-compat-qual-2.5.5.jar:/Users/juliagustafsson/.m2/repository/com/googlecode/java-diff-utils/diffutils/1.3.0/diffutils-1.3.0.jar:/Users/juliagustafsson/.m2/repository/com/google/auto/value/auto-value-annotations/1.6.3/auto-value-annotations-1.6.3.jar:/Users/juliagustafsson/.m2/repository/com/google/errorprone/error_prone_annotations/2.3.1/error_prone_annotations-2.3.1.jar:/Users/juliagustafsson/.m2/repository/com/google/guava/guava/27.1-jre/guava-27.1-jre.jar:/Users/juliagustafsson/.m2/repository/com/google/guava/failureaccess/1.0.1/failureaccess-1.0.1.jar:/Users/juliagustafsson/.m2/repository/com/google/guava/listenablefuture/9999.0-empty-to-avoid-conflict-with-guava/listenablefuture-9999.0-empty-to-avoid-conflict-with-guava.jar:/Users/juliagustafsson/.m2/repository/com/google/code/findbugs/jsr305/3.0.2/jsr305-3.0.2.jar:/Users/juliagustafsson/.m2/repository/org/checkerframework/checker-qual/2.5.2/checker-qual-2.5.2.jar:/Users/juliagustafsson/.m2/repository/com/google/j2objc/j2objc-annotations/1.1/j2objc-annotations-1.1.jar:/Users/juliagustafsson/.m2/repository/org/codehaus/mojo/animal-sniffer-annotations/1.17/animal-sniffer-annotations-1.17.jar:/Users/juliagustafsson/.m2/repository/com/google/auto/value/auto-value/1.5.3/auto-value-1.5.3.jar:/Users/juliagustafsson/.m2/repository/com/google/auto/auto-common/0.10/auto-common-0.10.jar:/Users/juliagustafsson/.m2/repository/org/junit/jupiter/junit-jupiter-engine/5.5.2/junit-jupiter-engine-5.5.2.jar:/Users/juliagustafsson/.m2/repository/org/apiguardian/apiguardian-api/1.1.0/apiguardian-api-1.1.0.jar:/Users/juliagustafsson/.m2/repository/org/junit/jupiter/junit-jupiter-api/5.5.2/junit-jupiter-api-5.5.2.jar:/Users/juliagustafsson/.m2/repository/org/opentest4j/opentest4j/1.2.0/opentest4j-1.2.0.jar:/Users/juliagustafsson/.m2/repository/org/junit/platform/junit-platform-commons/1.5.2/junit-platform-commons-1.5.2.jar:/Users/juliagustafsson/.m2/repository/org/junit/platform/junit-platform-engine/1.5.2/junit-platform-engine-1.5.2.jar:/Users/juliagustafsson/.m2/repository/org/junit/platform/junit-platform-launcher/1.5.2/junit-platform-launcher-1.5.2.jar:"/>
    <property name="java.vm.vendor" value="Oracle Corporation"/>
    <property name="sun.arch.data.model" value="64"/>
    <property name="java.vendor.url" value="http://java.oracle.com/"/>
    <property name="user.timezone" value=""/>
    <property name="java.vm.specification.version" value="11"/>
    <property name="os.name" value="Mac OS X"/>
    <property name="sun.java.launcher" value="SUN_STANDARD"/>
    <property name="user.country" value="SE"/>
    <property name="sun.boot.library.path" value="/Library/Java/JavaVirtualMachines/jdk-11.0.5.jdk/Contents/Home/lib"/>
    <property name="sun.java.command" value="/Users/juliagustafsson/Documents/Speedment/Klonade GIT-repon/jpa-streamer/fieldgenerator/fieldgenerator-standard/target/surefire/surefirebooter8878317345925179383.jar /Users/juliagustafsson/Documents/Speedment/Klonade GIT-repon/jpa-streamer/fieldgenerator/fieldgenerator-standard/target/surefire 2020-06-30T11-16-54_476-jvmRun1 surefire13685147035461385081tmp surefire_48128490786148970839tmp"/>
    <property name="http.nonProxyHosts" value="local|*.local|169.254/16|*.169.254/16"/>
    <property name="jdk.debug" value="release"/>
    <property name="surefire.test.class.path" value="/Users/juliagustafsson/Documents/Speedment/Klonade GIT-repon/jpa-streamer/fieldgenerator/fieldgenerator-standard/target/test-classes:/Users/juliagustafsson/Documents/Speedment/Klonade GIT-repon/jpa-streamer/fieldgenerator/fieldgenerator-standard/target/classes:/Users/juliagustafsson/.m2/repository/javax/persistence/javax.persistence-api/2.2/javax.persistence-api-2.2.jar:/Users/juliagustafsson/.m2/repository/com/speedment/common/codegen/3.2.9/codegen-3.2.9.jar:/Users/juliagustafsson/Documents/Speedment/Klonade GIT-repon/jpa-streamer/field/target/field-0.1.0.jar:/Users/juliagustafsson/.m2/repository/com/speedment/common/invariant/3.2.9/invariant-3.2.9.jar:/Users/juliagustafsson/.m2/repository/com/speedment/common/function/3.2.9/function-3.2.9.jar:/Users/juliagustafsson/.m2/repository/com/speedment/runtime/runtime-compute/3.2.9/runtime-compute-3.2.9.jar:/Users/juliagustafsson/.m2/repository/com/speedment/jpastreamer/typeparser-standard/0.1.0/typeparser-standard-0.1.0.jar:/Users/juliagustafsson/.m2/repository/com/google/auto/service/auto-service-annotations/1.0-rc7/auto-service-annotations-1.0-rc7.jar:/Users/juliagustafsson/.m2/repository/com/google/testing/compile/compile-testing/0.18/compile-testing-0.18.jar:/Users/juliagustafsson/.m2/repository/junit/junit/4.12/junit-4.12.jar:/Users/juliagustafsson/.m2/repository/org/hamcrest/hamcrest-core/2.1/hamcrest-core-2.1.jar:/Users/juliagustafsson/.m2/repository/org/hamcrest/hamcrest/2.1/hamcrest-2.1.jar:/Users/juliagustafsson/.m2/repository/com/google/truth/truth/0.44/truth-0.44.jar:/Users/juliagustafsson/.m2/repository/org/checkerframework/checker-compat-qual/2.5.5/checker-compat-qual-2.5.5.jar:/Users/juliagustafsson/.m2/repository/com/googlecode/java-diff-utils/diffutils/1.3.0/diffutils-1.3.0.jar:/Users/juliagustafsson/.m2/repository/com/google/auto/value/auto-value-annotations/1.6.3/auto-value-annotations-1.6.3.jar:/Users/juliagustafsson/.m2/repository/com/google/errorprone/error_prone_annotations/2.3.1/error_prone_annotations-2.3.1.jar:/Users/juliagustafsson/.m2/repository/com/google/guava/guava/27.1-jre/guava-27.1-jre.jar:/Users/juliagustafsson/.m2/repository/com/google/guava/failureaccess/1.0.1/failureaccess-1.0.1.jar:/Users/juliagustafsson/.m2/repository/com/google/guava/listenablefuture/9999.0-empty-to-avoid-conflict-with-guava/listenablefuture-9999.0-empty-to-avoid-conflict-with-guava.jar:/Users/juliagustafsson/.m2/repository/com/google/code/findbugs/jsr305/3.0.2/jsr305-3.0.2.jar:/Users/juliagustafsson/.m2/repository/org/checkerframework/checker-qual/2.5.2/checker-qual-2.5.2.jar:/Users/juliagustafsson/.m2/repository/com/google/j2objc/j2objc-annotations/1.1/j2objc-annotations-1.1.jar:/Users/juliagustafsson/.m2/repository/org/codehaus/mojo/animal-sniffer-annotations/1.17/animal-sniffer-annotations-1.17.jar:/Users/juliagustafsson/.m2/repository/com/google/auto/value/auto-value/1.5.3/auto-value-1.5.3.jar:/Users/juliagustafsson/.m2/repository/com/google/auto/auto-common/0.10/auto-common-0.10.jar:/Users/juliagustafsson/.m2/repository/org/junit/jupiter/junit-jupiter-engine/5.5.2/junit-jupiter-engine-5.5.2.jar:/Users/juliagustafsson/.m2/repository/org/apiguardian/apiguardian-api/1.1.0/apiguardian-api-1.1.0.jar:/Users/juliagustafsson/.m2/repository/org/junit/jupiter/junit-jupiter-api/5.5.2/junit-jupiter-api-5.5.2.jar:/Users/juliagustafsson/.m2/repository/org/opentest4j/opentest4j/1.2.0/opentest4j-1.2.0.jar:/Users/juliagustafsson/.m2/repository/org/junit/platform/junit-platform-commons/1.5.2/junit-platform-commons-1.5.2.jar:/Users/juliagustafsson/.m2/repository/org/junit/platform/junit-platform-engine/1.5.2/junit-platform-engine-1.5.2.jar:/Users/juliagustafsson/.m2/repository/org/junit/platform/junit-platform-launcher/1.5.2/junit-platform-launcher-1.5.2.jar:"/>
    <property name="sun.cpu.endian" value="little"/>
    <property name="user.home" value="/Users/juliagustafsson"/>
    <property name="user.language" value="sv"/>
    <property name="java.specification.vendor" value="Oracle Corporation"/>
    <property name="java.version.date" value="2019-10-15"/>
    <property name="java.home" value="/Library/Java/JavaVirtualMachines/jdk-11.0.5.jdk/Contents/Home"/>
    <property name="file.separator" value="/"/>
    <property name="basedir" value="/Users/juliagustafsson/Documents/Speedment/Klonade GIT-repon/jpa-streamer/fieldgenerator/fieldgenerator-standard"/>
    <property name="java.vm.compressedOopsMode" value="Zero based"/>
    <property name="line.separator" value="&#10;"/>
    <property name="java.specification.name" value="Java Platform API Specification"/>
    <property name="java.vm.specification.vendor" value="Oracle Corporation"/>
    <property name="java.awt.graphicsenv" value="sun.awt.CGraphicsEnvironment"/>
    <property name="surefire.real.class.path" value="/Users/juliagustafsson/Documents/Speedment/Klonade GIT-repon/jpa-streamer/fieldgenerator/fieldgenerator-standard/target/surefire/surefirebooter8878317345925179383.jar"/>
    <property name="sun.management.compiler" value="HotSpot 64-Bit Tiered Compilers"/>
    <property name="ftp.nonProxyHosts" value="local|*.local|169.254/16|*.169.254/16"/>
    <property name="java.runtime.version" value="11.0.5+10-LTS"/>
    <property name="user.name" value="juliagustafsson"/>
    <property name="path.separator" value=":"/>
    <property name="os.version" value="10.14.6"/>
    <property name="java.runtime.name" value="Java(TM) SE Runtime Environment"/>
    <property name="file.encoding" value="UTF-8"/>
    <property name="java.vm.name" value="Java HotSpot(TM) 64-Bit Server VM"/>
    <property name="java.vendor.version" value="18.9"/>
    <property name="localRepository" value="/Users/juliagustafsson/.m2/repository"/>
    <property name="java.vendor.url.bug" value="http://bugreport.java.com/bugreport/"/>
    <property name="java.io.tmpdir" value="/var/folders/_9/lh8d5yz90v93d1n0wr3dxbhc0000gn/T/"/>
    <property name="java.version" value="11.0.5"/>
    <property name="user.dir" value="/Users/juliagustafsson/Documents/Speedment/Klonade GIT-repon/jpa-streamer/fieldgenerator/fieldgenerator-standard"/>
    <property name="os.arch" value="x86_64"/>
    <property name="java.vm.specification.name" value="Java Virtual Machine Specification"/>
    <property name="java.awt.printerjob" value="sun.lwawt.macosx.CPrinterJob"/>
    <property name="sun.os.patch.level" value="unknown"/>
    <property name="java.library.path" value="/Users/juliagustafsson/Library/Java/Extensions:/Library/Java/Extensions:/Network/Library/Java/Extensions:/System/Library/Java/Extensions:/usr/lib/java:."/>
    <property name="java.vendor" value="Oracle Corporation"/>
    <property name="java.vm.info" value="mixed mode"/>
    <property name="java.vm.version" value="11.0.5+10-LTS"/>
    <property name="sun.io.unicode.encoding" value="UnicodeBig"/>
    <property name="java.class.version" value="55.0"/>
    <property name="socksNonProxyHosts" value="local|*.local|169.254/16|*.169.254/16"/>
  </properties>
  <testcase name="renderListOfMapOfListOfSetOfDoubleAndInteger" classname="com.speedment.jpastreamer.fieldgenerator.internal.typeparser.TypeParserTest" time="0.047"/>
  <testcase name="renderMapOfMapOfQuartetOfStringAndStringAndStringAndStringAndIntegerAndInteger" classname="com.speedment.jpastreamer.fieldgenerator.internal.typeparser.TypeParserTest" time="0.001"/>
  <testcase name="renderString" classname="com.speedment.jpastreamer.fieldgenerator.internal.typeparser.TypeParserTest" time="0.002"/>
  <testcase name="renderMapOfString" classname="com.speedment.jpastreamer.fieldgenerator.internal.typeparser.TypeParserTest" time="0.004"/>
  <testcase name="renderMapOfMapOfListOfSetOfDoubleAndIntegerAndLong" classname="com.speedment.jpastreamer.fieldgenerator.internal.typeparser.TypeParserTest" time="0.001"/>
  <testcase name="renderListOfListOfNumber" classname="com.speedment.jpastreamer.fieldgenerator.internal.typeparser.TypeParserTest" time="0.001"/>
  <testcase name="renderListOfInteger" classname="com.speedment.jpastreamer.fieldgenerator.internal.typeparser.TypeParserTest" time="0.001"/>
</testsuite>