<?xml version="1.0" encoding="UTF-8"?>
<testsuite xmlns:xsi="http://www.w3.org/2001/XMLSchema-instance" xsi:noNamespaceSchemaLocation="https://maven.apache.org/surefire/maven-surefire-plugin/xsd/surefire-test-report.xsd" name="com.speedment.jpastreamer.builder.standard.internal.StreamBuilderTest" time="0.143" tests="3" errors="0" skipped="0" failures="0">
  <properties>
    <property name="gopherProxySet" value="false"/>
    <property name="awt.toolkit" value="sun.lwawt.macosx.LWCToolkit"/>
    <property name="java.specification.version" value="11"/>
    <property name="sun.cpu.isalist" value=""/>
    <property name="sun.jnu.encoding" value="UTF-8"/>
    <property name="java.class.path" value="/Users/juliagustafsson/Documents/Speedment/Klonade GIT-repon/jpa-streamer/provider/builder-standard/target/test-classes:/Users/juliagustafsson/Documents/Speedment/Klonade GIT-repon/jpa-streamer/provider/builder-standard/target/classes:/Users/juliagustafsson/Documents/Speedment/Klonade GIT-repon/jpa-streamer/rootfactory/target/rootfactory-0.1.0.jar:/Users/juliagustafsson/Documents/Speedment/Klonade GIT-repon/jpa-streamer/builder/target/builder-0.1.0.jar:/Users/juliagustafsson/Documents/Speedment/Klonade GIT-repon/jpa-streamer/pipeline/target/pipeline-0.1.0.jar:/Users/juliagustafsson/Documents/Speedment/Klonade GIT-repon/jpa-streamer/renderer/target/renderer-0.1.0.jar:/Users/juliagustafsson/.m2/repository/javax/persistence/javax.persistence-api/2.2/javax.persistence-api-2.2.jar:/Users/juliagustafsson/Documents/Speedment/Klonade GIT-repon/jpa-streamer/autoclose/target/autoclose-0.1.0.jar:/Users/juliagustafsson/Documents/Speedment/Klonade GIT-repon/jpa-streamer/javanine/target/javanine-0.1.0.jar:/Users/juliagustafsson/Documents/Speedment/Klonade GIT-repon/jpa-streamer/exception/target/exception-0.1.0.jar:/Users/juliagustafsson/Documents/Speedment/Klonade GIT-repon/jpa-streamer/provider/pipeline-standard/target/pipeline-standard-0.1.0.jar:/Users/juliagustafsson/Documents/Speedment/Klonade GIT-repon/jpa-streamer/provider/autoclose-standard/target/autoclose-standard-0.1.0.jar:/Users/juliagustafsson/.m2/repository/org/junit/jupiter/junit-jupiter-engine/5.5.2/junit-jupiter-engine-5.5.2.jar:/Users/juliagustafsson/.m2/repository/org/apiguardian/apiguardian-api/1.1.0/apiguardian-api-1.1.0.jar:/Users/juliagustafsson/.m2/repository/org/junit/jupiter/junit-jupiter-api/5.5.2/junit-jupiter-api-5.5.2.jar:/Users/juliagustafsson/.m2/repository/org/opentest4j/opentest4j/1.2.0/opentest4j-1.2.0.jar:/Users/juliagustafsson/.m2/repository/org/junit/platform/junit-platform-commons/1.5.2/junit-platform-commons-1.5.2.jar:/Users/juliagustafsson/.m2/repository/org/junit/platform/junit-platform-engine/1.5.2/junit-platform-engine-1.5.2.jar:/Users/juliagustafsson/.m2/repository/org/junit/platform/junit-platform-launcher/1.5.2/junit-platform-launcher-1.5.2.jar:"/>
    <property name="java.vm.vendor" value="Oracle Corporation"/>
    <property name="sun.arch.data.model" value="64"/>
    <property name="java.vendor.url" value="http://java.oracle.com/"/>
    <property name="user.timezone" value=""/>
    <property name="java.vm.specification.version" value="11"/>
    <property name="os.name" value="Mac OS X"/>
    <property name="sun.java.launcher" value="SUN_STANDARD"/>
    <property name="user.country" value="SE"/>
    <property name="sun.boot.library.path" value="/Library/Java/JavaVirtualMachines/jdk-11.0.5.jdk/Contents/Home/lib"/>
    <property name="sun.java.command" value="/Users/juliagustafsson/Documents/Speedment/Klonade GIT-repon/jpa-streamer/provider/builder-standard/target/surefire/surefirebooter18030481470091876480.jar /Users/juliagustafsson/Documents/Speedment/Klonade GIT-repon/jpa-streamer/provider/builder-standard/target/surefire 2020-06-30T11-16-54_476-jvmRun1 surefire17303454128101102611tmp surefire_116458159811180202498tmp"/>
    <property name="http.nonProxyHosts" value="local|*.local|169.254/16|*.169.254/16"/>
    <property name="jdk.debug" value="release"/>
    <property name="surefire.test.class.path" value="/Users/juliagustafsson/Documents/Speedment/Klonade GIT-repon/jpa-streamer/provider/builder-standard/target/test-classes:/Users/juliagustafsson/Documents/Speedment/Klonade GIT-repon/jpa-streamer/provider/builder-standard/target/classes:/Users/juliagustafsson/Documents/Speedment/Klonade GIT-repon/jpa-streamer/rootfactory/target/rootfactory-0.1.0.jar:/Users/juliagustafsson/Documents/Speedment/Klonade GIT-repon/jpa-streamer/builder/target/builder-0.1.0.jar:/Users/juliagustafsson/Documents/Speedment/Klonade GIT-repon/jpa-streamer/pipeline/target/pipeline-0.1.0.jar:/Users/juliagustafsson/Documents/Speedment/Klonade GIT-repon/jpa-streamer/renderer/target/renderer-0.1.0.jar:/Users/juliagustafsson/.m2/repository/javax/persistence/javax.persistence-api/2.2/javax.persistence-api-2.2.jar:/Users/juliagustafsson/Documents/Speedment/Klonade GIT-repon/jpa-streamer/autoclose/target/autoclose-0.1.0.jar:/Users/juliagustafsson/Documents/Speedment/Klonade GIT-repon/jpa-streamer/javanine/target/javanine-0.1.0.jar:/Users/juliagustafsson/Documents/Speedment/Klonade GIT-repon/jpa-streamer/exception/target/exception-0.1.0.jar:/Users/juliagustafsson/Documents/Speedment/Klonade GIT-repon/jpa-streamer/provider/pipeline-standard/target/pipeline-standard-0.1.0.jar:/Users/juliagustafsson/Documents/Speedment/Klonade GIT-repon/jpa-streamer/provider/autoclose-standard/target/autoclose-standard-0.1.0.jar:/Users/juliagustafsson/.m2/repository/org/junit/jupiter/junit-jupiter-engine/5.5.2/junit-jupiter-engine-5.5.2.jar:/Users/juliagustafsson/.m2/repository/org/apiguardian/apiguardian-api/1.1.0/apiguardian-api-1.1.0.jar:/Users/juliagustafsson/.m2/repository/org/junit/jupiter/junit-jupiter-api/5.5.2/junit-jupiter-api-5.5.2.jar:/Users/juliagustafsson/.m2/repository/org/opentest4j/opentest4j/1.2.0/opentest4j-1.2.0.jar:/Users/juliagustafsson/.m2/repository/org/junit/platform/junit-platform-commons/1.5.2/junit-platform-commons-1.5.2.jar:/Users/juliagustafsson/.m2/repository/org/junit/platform/junit-platform-engine/1.5.2/junit-platform-engine-1.5.2.jar:/Users/juliagustafsson/.m2/repository/org/junit/platform/junit-platform-launcher/1.5.2/junit-platform-launcher-1.5.2.jar:"/>
    <property name="sun.cpu.endian" value="little"/>
    <property name="user.home" value="/Users/juliagustafsson"/>
    <property name="user.language" value="sv"/>
    <property name="java.specification.vendor" value="Oracle Corporation"/>
    <property name="java.version.date" value="2019-10-15"/>
    <property name="java.home" value="/Library/Java/JavaVirtualMachines/jdk-11.0.5.jdk/Contents/Home"/>
    <property name="file.separator" value="/"/>
    <property name="basedir" value="/Users/juliagustafsson/Documents/Speedment/Klonade GIT-repon/jpa-streamer/provider/builder-standard"/>
    <property name="java.vm.compressedOopsMode" value="Zero based"/>
    <property name="line.separator" value="&#10;"/>
    <property name="java.specification.name" value="Java Platform API Specification"/>
    <property name="java.vm.specification.vendor" value="Oracle Corporation"/>
    <property name="java.awt.graphicsenv" value="sun.awt.CGraphicsEnvironment"/>
    <property name="surefire.real.class.path" value="/Users/juliagustafsson/Documents/Speedment/Klonade GIT-repon/jpa-streamer/provider/builder-standard/target/surefire/surefirebooter18030481470091876480.jar"/>
    <property name="sun.management.compiler" value="HotSpot 64-Bit Tiered Compilers"/>
    <property name="ftp.nonProxyHosts" value="local|*.local|169.254/16|*.169.254/16"/>
    <property name="java.runtime.version" value="11.0.5+10-LTS"/>
    <property name="user.name" value="juliagustafsson"/>
    <property name="path.separator" value=":"/>
    <property name="os.version" value="10.14.6"/>
    <property name="java.runtime.name" value="Java(TM) SE Runtime Environment"/>
    <property name="file.encoding" value="UTF-8"/>
    <property name="java.vm.name" value="Java HotSpot(TM) 64-Bit Server VM"/>
    <property name="java.vendor.version" value="18.9"/>
    <property name="localRepository" value="/Users/juliagustafsson/.m2/repository"/>
    <property name="java.vendor.url.bug" value="http://bugreport.java.com/bugreport/"/>
    <property name="java.io.tmpdir" value="/var/folders/_9/lh8d5yz90v93d1n0wr3dxbhc0000gn/T/"/>
    <property name="java.version" value="11.0.5"/>
    <property name="user.dir" value="/Users/juliagustafsson/Documents/Speedment/Klonade GIT-repon/jpa-streamer/provider/builder-standard"/>
    <property name="os.arch" value="x86_64"/>
    <property name="java.vm.specification.name" value="Java Virtual Machine Specification"/>
    <property name="java.awt.printerjob" value="sun.lwawt.macosx.CPrinterJob"/>
    <property name="sun.os.patch.level" value="unknown"/>
    <property name="java.library.path" value="/Users/juliagustafsson/Library/Java/Extensions:/Library/Java/Extensions:/Network/Library/Java/Extensions:/System/Library/Java/Extensions:/usr/lib/java:."/>
    <property name="java.vendor" value="Oracle Corporation"/>
    <property name="java.vm.info" value="mixed mode"/>
    <property name="java.vm.version" value="11.0.5+10-LTS"/>
    <property name="sun.io.unicode.encoding" value="UnicodeBig"/>
    <property name="java.class.version" value="55.0"/>
    <property name="socksNonProxyHosts" value="local|*.local|169.254/16|*.169.254/16"/>
  </properties>
  <testcase name="filter" classname="com.speedment.jpastreamer.builder.standard.internal.StreamBuilderTest" time="0.044"/>
  <testcase name="consumed" classname="com.speedment.jpastreamer.builder.standard.internal.StreamBuilderTest" time="0.014"/>
  <testcase name="first" classname="com.speedment.jpastreamer.builder.standard.internal.StreamBuilderTest" time="0.002"/>
</testsuite>